[+] Containers:
 |- [+] Container: /Game/ThirdPerson/Maps/ThirdPersonMap
 |   |- [+] ActorDescs:
 |   |   |- Guid:0406E578460B9497A6A3D590EF66B071 BaseClass:/Game/??????????/?????/1_??/???????/BP_NeedlesFloor.BP_NeedlesFloor_C NativeClass:/Script/Engine.Actor Name:BP_NeedlesFloor_C_UAID_9C6B00422491143902_2029490213 Label:BP_NeedlesFloor5 SpatiallyLoaded:1 Bounds:IsValid=true, Min=(X=2685.000 Y=35.000 Z=-10.000), Max=(X=2805.000 Y=155.000 Z=30.000) RuntimeGrid:None EditorOnly:0 RuntimeOnly:0 HLODRelevant:0 ListedInSceneOutliner:1 IsMainWorldOnly:0
 |   |   |- Guid:0CFCC9E64719CF37C3D0F9A8448750F6 BaseClass:/Game/??????????/?????/1_??/???????/BP_NeedlesFloor.BP_NeedlesFloor_C NativeClass:/Script/Engine.Actor Name:BP_NeedlesFloor_C_UAID_9C6B00422491143902_1970664208 Label:BP_NeedlesFloor SpatiallyLoaded:1 Bounds:IsValid=true, Min=(X=2685.000 Y=-90.000 Z=-10.000), Max=(X=2805.000 Y=30.000 Z=30.000) RuntimeGrid:None EditorOnly:0 RuntimeOnly:0 HLODRelevant:0 ListedInSceneOutliner:1 IsMainWorldOnly:0
 |   |   |- Guid:18064681408A33CAA69D68B26EC9B2AA BaseClass:/Game/??????????/?????/1_??/???????/BP_NeedlesFloor.BP_NeedlesFloor_C NativeClass:/Script/Engine.Actor Name:BP_NeedlesFloor_C_UAID_9C6B00422491143902_2029498216 Label:BP_NeedlesFloor8 SpatiallyLoaded:1 Bounds:IsValid=true, Min=(X=3050.000 Y=35.000 Z=-10.000), Max=(X=3170.000 Y=155.000 Z=30.000) RuntimeGrid:None EditorOnly:0 RuntimeOnly:0 HLODRelevant:0 ListedInSceneOutliner:1 IsMainWorldOnly:0
 |   |   |- Guid:2FB58999456391D349DC0F86DAC136ED BaseClass: NativeClass:/Script/Engine.SkyLight Name:SkyLight_1 Label:SkyLight SpatiallyLoaded:0 Bounds:IsValid=true, Min=(X=0.000 Y=0.000 Z=690.000), Max=(X=0.000 Y=0.000 Z=690.000) RuntimeGrid:None EditorOnly:0 RuntimeOnly:0 HLODRelevant:0 ListedInSceneOutliner:1 IsMainWorldOnly:0 FolderPath:Lighting FolderGuid:963EC3EB4002CCE9759E2EBA541A873A
 |   |   |- Guid:316CF2A6494ACA4C0E4180A87D36AB8F BaseClass: NativeClass:/Script/Engine.ExponentialHeightFog Name:ExponentialHeightFog_0 Label:ExponentialHeightFog SpatiallyLoaded:0 Bounds:IsValid=true, Min=(X=-5600.000 Y=-50.000 Z=-6850.000), Max=(X=-5600.000 Y=-50.000 Z=-6850.000) RuntimeGrid:None EditorOnly:0 RuntimeOnly:0 HLODRelevant:0 ListedInSceneOutliner:1 IsMainWorldOnly:0 FolderPath:Lighting FolderGuid:963EC3EB4002CCE9759E2EBA541A873A
 |   |   |- Guid:3A00AA1C422CE54C0BDB60BAF471BFBB BaseClass: NativeClass:/Script/Engine.PlayerStart Name:PlayerStart_0 Label:PlayerStart SpatiallyLoaded:0 Bounds:IsValid=true, Min=(X=-210.000 Y=1610.000 Z=20.013), Max=(X=-130.000 Y=1690.000 Z=204.013) RuntimeGrid:None EditorOnly:0 RuntimeOnly:0 HLODRelevant:0 ListedInSceneOutliner:1 IsMainWorldOnly:0
 |   |   |- Guid:3B1F5BE24A4203360F0C52958819EDCB BaseClass:/Game/MAP_Prop/BP_Needle.BP_Needle_C NativeClass:/Script/Engine.Actor Name:BP_Needle_C_UAID_9C6B00422491073902_1636928920 Label:BP_Needle SpatiallyLoaded:1 Bounds:IsValid=true, Min=(X=-10.000 Y=1770.000 Z=0.000), Max=(X=90.000 Y=1870.000 Z=102.000) RuntimeGrid:None EditorOnly:0 RuntimeOnly:0 HLODRelevant:0 ListedInSceneOutliner:1 IsMainWorldOnly:0
 |   |   |- Guid:412B2DA64A6420AF3D1842BDE8A14DEB BaseClass:/Game/??????????/?????/1_??/???????/BP_NeedlesFloor.BP_NeedlesFloor_C NativeClass:/Script/Engine.Actor Name:BP_NeedlesFloor_C_UAID_9C6B00422491143902_2029495215 Label:BP_NeedlesFloor7 SpatiallyLoaded:1 Bounds:IsValid=true, Min=(X=2930.000 Y=35.000 Z=-10.000), Max=(X=3050.000 Y=155.000 Z=30.000) RuntimeGrid:None EditorOnly:0 RuntimeOnly:0 HLODRelevant:0 ListedInSceneOutliner:1 IsMainWorldOnly:0
 |   |   |- Guid:48F952BF41312D6EAA6A0689F45481D8 BaseClass:/Game/??????????/?????/1_??/???/Moving_floor_Z.Moving_floor_Z_C NativeClass:/Script/Engine.Actor Name:Moving_floor_Z_C_UAID_9C6B00422491153902_1457530397 Label:Moving_floor_Z SpatiallyLoaded:1 Bounds:IsValid=true, Min=(X=3400.000 Y=1600.000 Z=-12.500), Max=(X=3700.000 Y=1900.000 Z=12.500) RuntimeGrid:None EditorOnly:0 RuntimeOnly:0 HLODRelevant:0 ListedInSceneOutliner:1 IsMainWorldOnly:0
 |   |   |- Guid:4C79DEA34FA4D9FF861E2F8AE75C223B BaseClass:/Game/??????????/?????/1_??/???????/BP_NeedlesFloor.BP_NeedlesFloor_C NativeClass:/Script/Engine.Actor Name:BP_NeedlesFloor_C_UAID_9C6B00422491143902_2029493214 Label:BP_NeedlesFloor6 SpatiallyLoaded:1 Bounds:IsValid=true, Min=(X=2810.000 Y=35.000 Z=-10.000), Max=(X=2930.000 Y=155.000 Z=30.000) RuntimeGrid:None EditorOnly:0 RuntimeOnly:0 HLODRelevant:0 ListedInSceneOutliner:1 IsMainWorldOnly:0
 |   |   |- Guid:4D3BE93F4146AAAC8BBE79999D96D57F BaseClass: NativeClass:/Script/Engine.VolumetricCloud Name:VolumetricCloud_0 Label:VolumetricCloud SpatiallyLoaded:0 Bounds:IsValid=true, Min=(X=0.000 Y=0.000 Z=820.000), Max=(X=0.000 Y=0.000 Z=820.000) RuntimeGrid:None EditorOnly:0 RuntimeOnly:0 HLODRelevant:0 ListedInSceneOutliner:1 IsMainWorldOnly:0 FolderPath:Lighting FolderGuid:963EC3EB4002CCE9759E2EBA541A873A
 |   |   |- Guid:57C2E0944F6168981C9EFF8231D9FD5A BaseClass:/Game/??????????/?????/1_??/???/Moving_floor_-X.Moving_floor_-X_C NativeClass:/Script/Engine.Actor Name:Moving_floor_-X_C_UAID_9C6B00422491153902_1411533394 Label:Moving_floor_-X SpatiallyLoaded:1 Bounds:IsValid=true, Min=(X=3995.000 Y=220.000 Z=-12.500), Max=(X=4295.000 Y=520.000 Z=12.500) RuntimeGrid:None EditorOnly:0 RuntimeOnly:0 HLODRelevant:0 ListedInSceneOutliner:1 IsMainWorldOnly:0
 |   |   |- Guid:6B30FE73412BB490C5D99DB3A3815FDF BaseClass:/Game/??????????/?????/1_??/???/Moving_floor_-Z.Moving_floor_-Z_C NativeClass:/Script/Engine.Actor Name:Moving_floor_-Z_C_UAID_9C6B00422491153902_1461362398 Label:Moving_floor_-Z SpatiallyLoaded:1 Bounds:IsValid=true, Min=(X=4775.000 Y=1595.000 Z=1237.500), Max=(X=5075.000 Y=1895.000 Z=1262.500) RuntimeGrid:None EditorOnly:0 RuntimeOnly:0 HLODRelevant:0 ListedInSceneOutliner:1 IsMainWorldOnly:0
 |   |   |- Guid:6BAF4DDD444C60371492D3919DB42C97 BaseClass: NativeClass:/Script/Engine.WorldDataLayers Name:WorldDataLayers Label:WorldDataLayers SpatiallyLoaded:0 Bounds:IsValid=true, Min=(X=0.000 Y=0.000 Z=0.000), Max=(X=0.000 Y=0.000 Z=0.000) RuntimeGrid:None EditorOnly:0 RuntimeOnly:0 HLODRelevant:0 ListedInSceneOutliner:1 IsMainWorldOnly:1
 |   |   |- Guid:840A8759404FCF1F8F2F409AB574E549 BaseClass: NativeClass:/Script/Engine.StaticMeshActor Name:StaticMeshActor_UAID_9C6B004224910C3902_1284099799 Label:SM_Cube3 SpatiallyLoaded:1 Bounds:IsValid=true, Min=(X=2690.000 Y=-90.000 Z=-50.000), Max=(X=5690.000 Y=3410.000 Z=0.000) RuntimeGrid:None EditorOnly:0 RuntimeOnly:0 HLODRelevant:1 ListedInSceneOutliner:1 IsMainWorldOnly:0 FolderPath:Playground FolderGuid:C73F09FC4215536B1DCE2A9E0A830C70
 |   |   |- Guid:90049F0B4690E5741837048FD71A9303 BaseClass:/Game/??????????/?????/1_??/???????/BP_NeedlesFloor.BP_NeedlesFloor_C NativeClass:/Script/Engine.Actor Name:BP_NeedlesFloor_C_UAID_9C6B00422491143902_2002113210 Label:BP_NeedlesFloor3 SpatiallyLoaded:1 Bounds:IsValid=true, Min=(X=2930.000 Y=-90.000 Z=-10.000), Max=(X=3050.000 Y=30.000 Z=30.000) RuntimeGrid:None EditorOnly:0 RuntimeOnly:0 HLODRelevant:0 ListedInSceneOutliner:1 IsMainWorldOnly:0
 |   |   |- Guid:A410220A480E818FF800F4981FA81176 BaseClass:/Game/??????????/?????/1_??/???????/BP_NeedlesFloor.BP_NeedlesFloor_C NativeClass:/Script/Engine.Actor Name:BP_NeedlesFloor_C_UAID_9C6B00422491143902_1988465209 Label:BP_NeedlesFloor2 SpatiallyLoaded:1 Bounds:IsValid=true, Min=(X=2810.000 Y=-90.000 Z=-10.000), Max=(X=2930.000 Y=30.000 Z=30.000) RuntimeGrid:None EditorOnly:0 RuntimeOnly:0 HLODRelevant:0 ListedInSceneOutliner:1 IsMainWorldOnly:0
 |   |   |- Guid:B5B7D5CC424E5FACB76015A40CF0F778 BaseClass:/Game/??????????/?????/1_??/???????/BP_NeedlesFloor.BP_NeedlesFloor_C NativeClass:/Script/Engine.Actor Name:BP_NeedlesFloor_C_UAID_9C6B00422491143902_2011942211 Label:BP_NeedlesFloor4 SpatiallyLoaded:1 Bounds:IsValid=true, Min=(X=3050.000 Y=-90.000 Z=-10.000), Max=(X=3170.000 Y=30.000 Z=30.000) RuntimeGrid:None EditorOnly:0 RuntimeOnly:0 HLODRelevant:0 ListedInSceneOutliner:1 IsMainWorldOnly:0
 |   |   |- Guid:B785ED2844B84CFB91E7F39FE661CD99 BaseClass: NativeClass:/Script/Engine.DirectionalLight Name:DirectionalLight_0 Label:DirectionalLight SpatiallyLoaded:0 Bounds:IsValid=true, Min=(X=-1048576.000 Y=-1048576.000 Z=-1048576.000), Max=(X=1048576.000 Y=1048576.000 Z=1048576.000) RuntimeGrid:None EditorOnly:0 RuntimeOnly:0 HLODRelevant:0 ListedInSceneOutliner:1 IsMainWorldOnly:0 FolderPath:Lighting FolderGuid:963EC3EB4002CCE9759E2EBA541A873A
 |   |   |- Guid:B93FA7CB4451BF09EC781F81CDC758ED BaseClass:/Game/??????????/?????/1_??/???/Moving_floor_X.Moving_floor_X_C NativeClass:/Script/Engine.Actor Name:Moving_floor_X_C_UAID_9C6B00422491153902_1400007393 Label:Moving_floor_X SpatiallyLoaded:1 Bounds:IsValid=true, Min=(X=2705.000 Y=220.000 Z=-12.500), Max=(X=3005.000 Y=520.000 Z=12.500) RuntimeGrid:None EditorOnly:0 RuntimeOnly:0 HLODRelevant:0 ListedInSceneOutliner:1 IsMainWorldOnly:0
 |   |   |- Guid:BC08B79C4EA3C961CFF75EBBE83B367D BaseClass: NativeClass:/Script/Engine.StaticMeshActor Name:StaticMeshActor_5 Label:SM_Cube2 SpatiallyLoaded:1 Bounds:IsValid=true, Min=(X=-340.000 Y=-190.000 Z=-50.000), Max=(X=2660.000 Y=-90.000 Z=350.000) RuntimeGrid:None EditorOnly:0 RuntimeOnly:0 HLODRelevant:1 ListedInSceneOutliner:1 IsMainWorldOnly:0 FolderPath:Playground FolderGuid:C73F09FC4215536B1DCE2A9E0A830C70
 |   |   |- Guid:C87FD467408CD8B12C53FC8566CCFC2D BaseClass:/Game/??????????/?????/1_??/???/Moving_floor_Y.Moving_floor_Y_C NativeClass:/Script/Engine.Actor Name:Moving_floor_Y_C_UAID_9C6B00422491153902_1423575395 Label:Moving_floor_Y SpatiallyLoaded:1 Bounds:IsValid=true, Min=(X=4025.000 Y=530.000 Z=-12.500), Max=(X=4325.000 Y=830.000 Z=12.500) RuntimeGrid:None EditorOnly:0 RuntimeOnly:0 HLODRelevant:0 ListedInSceneOutliner:1 IsMainWorldOnly:0
 |   |   |- Guid:CCFF262C46EEFFDF319E7F9539CE697E BaseClass: NativeClass:/Script/Engine.SkyAtmosphere Name:SkyAtmosphere_0 Label:SkyAtmosphere SpatiallyLoaded:0 Bounds:IsValid=true, Min=(X=0.000 Y=0.000 Z=1020.000), Max=(X=0.000 Y=0.000 Z=1020.000) RuntimeGrid:None EditorOnly:0 RuntimeOnly:0 HLODRelevant:0 ListedInSceneOutliner:1 IsMainWorldOnly:0 FolderPath:Lighting FolderGuid:963EC3EB4002CCE9759E2EBA541A873A
 |   |   |- Guid:D54A49F04EB4DF4B6E8CD9A2EBF1EAD9 BaseClass: NativeClass:/Script/Engine.StaticMeshActor Name:StaticMeshActor_UAID_9C6B00422491143902_2029488212 Label:SM_SkySphere2 SpatiallyLoaded:0 Bounds:IsValid=true, Min=(X=-1638400.000 Y=-1638275.000 Z=-1638400.000), Max=(X=1638400.000 Y=1638525.000 Z=1638400.000) RuntimeGrid:None EditorOnly:0 RuntimeOnly:0 HLODRelevant:1 ListedInSceneOutliner:1 IsMainWorldOnly:0 FolderPath:Lighting FolderGuid:963EC3EB4002CCE9759E2EBA541A873A
 |   |   |- Guid:EC4E0C944CE6AC6E784BC6BB2916EA13 BaseClass: NativeClass:/Script/Engine.StaticMeshActor Name:StaticMeshActor_UAID_A4AE111137DC5EFB00_1110535423 Label:SM_SkySphere SpatiallyLoaded:0 Bounds:IsValid=true, Min=(X=-1638400.000 Y=-1638400.000 Z=-1638400.000), Max=(X=1638400.000 Y=1638400.000 Z=1638400.000) RuntimeGrid:None EditorOnly:0 RuntimeOnly:0 HLODRelevant:1 ListedInSceneOutliner:1 IsMainWorldOnly:0 FolderPath:Lighting FolderGuid:963EC3EB4002CCE9759E2EBA541A873A
 |   |   |- Guid:F1924B8D48954B30891B2DB6A694F9CC BaseClass: NativeClass:/Script/Engine.StaticMeshActor Name:StaticMeshActor_1 Label:SM_Cube SpatiallyLoaded:1 Bounds:IsValid=true, Min=(X=-340.000 Y=-90.000 Z=-50.000), Max=(X=2660.000 Y=3410.000 Z=0.000) RuntimeGrid:None EditorOnly:0 RuntimeOnly:0 HLODRelevant:1 ListedInSceneOutliner:1 IsMainWorldOnly:0 FolderPath:Playground FolderGuid:C73F09FC4215536B1DCE2A9E0A830C70
 |   |   |- Guid:F5E3FEB3450C49844FD93DA8E083C8AD BaseClass: NativeClass:/Script/Engine.PostProcessVolume Name:PostProcessVolume_0 Label:PostProcessVolume SpatiallyLoaded:0 Bounds:IsValid=true, Min=(X=0.000 Y=0.000 Z=400.000), Max=(X=200.000 Y=200.000 Z=600.000) RuntimeGrid:None EditorOnly:0 RuntimeOnly:0 HLODRelevant:0 ListedInSceneOutliner:1 IsMainWorldOnly:0 FolderPath:Lighting FolderGuid:963EC3EB4002CCE9759E2EBA541A873A
 |   |- [+] Clusters:
 |   |   |- [+] [  0]
 |   |   |   |- Guid:0406E578460B9497A6A3D590EF66B071 BaseClass:/Game/??????????/?????/1_??/???????/BP_NeedlesFloor.BP_NeedlesFloor_C NativeClass:/Script/Engine.Actor Name:BP_NeedlesFloor_C_UAID_9C6B00422491143902_2029490213 Label:BP_NeedlesFloor5 SpatiallyLoaded:1 Bounds:IsValid=true, Min=(X=2685.000 Y=35.000 Z=-10.000), Max=(X=2805.000 Y=155.000 Z=30.000) RuntimeGrid:None EditorOnly:0 RuntimeOnly:0 HLODRelevant:0 ListedInSceneOutliner:1 IsMainWorldOnly:0
 |   |   |- [+] [  1]
 |   |   |   |- Guid:0CFCC9E64719CF37C3D0F9A8448750F6 BaseClass:/Game/??????????/?????/1_??/???????/BP_NeedlesFloor.BP_NeedlesFloor_C NativeClass:/Script/Engine.Actor Name:BP_NeedlesFloor_C_UAID_9C6B00422491143902_1970664208 Label:BP_NeedlesFloor SpatiallyLoaded:1 Bounds:IsValid=true, Min=(X=2685.000 Y=-90.000 Z=-10.000), Max=(X=2805.000 Y=30.000 Z=30.000) RuntimeGrid:None EditorOnly:0 RuntimeOnly:0 HLODRelevant:0 ListedInSceneOutliner:1 IsMainWorldOnly:0
 |   |   |- [+] [  2]
 |   |   |   |- Guid:18064681408A33CAA69D68B26EC9B2AA BaseClass:/Game/??????????/?????/1_??/???????/BP_NeedlesFloor.BP_NeedlesFloor_C NativeClass:/Script/Engine.Actor Name:BP_NeedlesFloor_C_UAID_9C6B00422491143902_2029498216 Label:BP_NeedlesFloor8 SpatiallyLoaded:1 Bounds:IsValid=true, Min=(X=3050.000 Y=35.000 Z=-10.000), Max=(X=3170.000 Y=155.000 Z=30.000) RuntimeGrid:None EditorOnly:0 RuntimeOnly:0 HLODRelevant:0 ListedInSceneOutliner:1 IsMainWorldOnly:0
 |   |   |- [+] [  3]
 |   |   |   |- Guid:2FB58999456391D349DC0F86DAC136ED BaseClass: NativeClass:/Script/Engine.SkyLight Name:SkyLight_1 Label:SkyLight SpatiallyLoaded:0 Bounds:IsValid=true, Min=(X=0.000 Y=0.000 Z=690.000), Max=(X=0.000 Y=0.000 Z=690.000) RuntimeGrid:None EditorOnly:0 RuntimeOnly:0 HLODRelevant:0 ListedInSceneOutliner:1 IsMainWorldOnly:0 FolderPath:Lighting FolderGuid:963EC3EB4002CCE9759E2EBA541A873A
 |   |   |- [+] [  4]
 |   |   |   |- Guid:316CF2A6494ACA4C0E4180A87D36AB8F BaseClass: NativeClass:/Script/Engine.ExponentialHeightFog Name:ExponentialHeightFog_0 Label:ExponentialHeightFog SpatiallyLoaded:0 Bounds:IsValid=true, Min=(X=-5600.000 Y=-50.000 Z=-6850.000), Max=(X=-5600.000 Y=-50.000 Z=-6850.000) RuntimeGrid:None EditorOnly:0 RuntimeOnly:0 HLODRelevant:0 ListedInSceneOutliner:1 IsMainWorldOnly:0 FolderPath:Lighting FolderGuid:963EC3EB4002CCE9759E2EBA541A873A
 |   |   |- [+] [  5]
 |   |   |   |- Guid:3A00AA1C422CE54C0BDB60BAF471BFBB BaseClass: NativeClass:/Script/Engine.PlayerStart Name:PlayerStart_0 Label:PlayerStart SpatiallyLoaded:0 Bounds:IsValid=true, Min=(X=-210.000 Y=1610.000 Z=20.013), Max=(X=-130.000 Y=1690.000 Z=204.013) RuntimeGrid:None EditorOnly:0 RuntimeOnly:0 HLODRelevant:0 ListedInSceneOutliner:1 IsMainWorldOnly:0
 |   |   |- [+] [  6]
 |   |   |   |- Guid:3B1F5BE24A4203360F0C52958819EDCB BaseClass:/Game/MAP_Prop/BP_Needle.BP_Needle_C NativeClass:/Script/Engine.Actor Name:BP_Needle_C_UAID_9C6B00422491073902_1636928920 Label:BP_Needle SpatiallyLoaded:1 Bounds:IsValid=true, Min=(X=-10.000 Y=1770.000 Z=0.000), Max=(X=90.000 Y=1870.000 Z=102.000) RuntimeGrid:None EditorOnly:0 RuntimeOnly:0 HLODRelevant:0 ListedInSceneOutliner:1 IsMainWorldOnly:0
 |   |   |- [+] [  7]
 |   |   |   |- Guid:412B2DA64A6420AF3D1842BDE8A14DEB BaseClass:/Game/??????????/?????/1_??/???????/BP_NeedlesFloor.BP_NeedlesFloor_C NativeClass:/Script/Engine.Actor Name:BP_NeedlesFloor_C_UAID_9C6B00422491143902_2029495215 Label:BP_NeedlesFloor7 SpatiallyLoaded:1 Bounds:IsValid=true, Min=(X=2930.000 Y=35.000 Z=-10.000), Max=(X=3050.000 Y=155.000 Z=30.000) RuntimeGrid:None EditorOnly:0 RuntimeOnly:0 HLODRelevant:0 ListedInSceneOutliner:1 IsMainWorldOnly:0
 |   |   |- [+] [  8]
 |   |   |   |- Guid:48F952BF41312D6EAA6A0689F45481D8 BaseClass:/Game/??????????/?????/1_??/???/Moving_floor_Z.Moving_floor_Z_C NativeClass:/Script/Engine.Actor Name:Moving_floor_Z_C_UAID_9C6B00422491153902_1457530397 Label:Moving_floor_Z SpatiallyLoaded:1 Bounds:IsValid=true, Min=(X=3400.000 Y=1600.000 Z=-12.500), Max=(X=3700.000 Y=1900.000 Z=12.500) RuntimeGrid:None EditorOnly:0 RuntimeOnly:0 HLODRelevant:0 ListedInSceneOutliner:1 IsMainWorldOnly:0
 |   |   |- [+] [  9]
 |   |   |   |- Guid:4C79DEA34FA4D9FF861E2F8AE75C223B BaseClass:/Game/??????????/?????/1_??/???????/BP_NeedlesFloor.BP_NeedlesFloor_C NativeClass:/Script/Engine.Actor Name:BP_NeedlesFloor_C_UAID_9C6B00422491143902_2029493214 Label:BP_NeedlesFloor6 SpatiallyLoaded:1 Bounds:IsValid=true, Min=(X=2810.000 Y=35.000 Z=-10.000), Max=(X=2930.000 Y=155.000 Z=30.000) RuntimeGrid:None EditorOnly:0 RuntimeOnly:0 HLODRelevant:0 ListedInSceneOutliner:1 IsMainWorldOnly:0
 |   |   |- [+] [ 10]
 |   |   |   |- Guid:4D3BE93F4146AAAC8BBE79999D96D57F BaseClass: NativeClass:/Script/Engine.VolumetricCloud Name:VolumetricCloud_0 Label:VolumetricCloud SpatiallyLoaded:0 Bounds:IsValid=true, Min=(X=0.000 Y=0.000 Z=820.000), Max=(X=0.000 Y=0.000 Z=820.000) RuntimeGrid:None EditorOnly:0 RuntimeOnly:0 HLODRelevant:0 ListedInSceneOutliner:1 IsMainWorldOnly:0 FolderPath:Lighting FolderGuid:963EC3EB4002CCE9759E2EBA541A873A
 |   |   |- [+] [ 11]
 |   |   |   |- Guid:57C2E0944F6168981C9EFF8231D9FD5A BaseClass:/Game/??????????/?????/1_??/???/Moving_floor_-X.Moving_floor_-X_C NativeClass:/Script/Engine.Actor Name:Moving_floor_-X_C_UAID_9C6B00422491153902_1411533394 Label:Moving_floor_-X SpatiallyLoaded:1 Bounds:IsValid=true, Min=(X=3995.000 Y=220.000 Z=-12.500), Max=(X=4295.000 Y=520.000 Z=12.500) RuntimeGrid:None EditorOnly:0 RuntimeOnly:0 HLODRelevant:0 ListedInSceneOutliner:1 IsMainWorldOnly:0
 |   |   |- [+] [ 12]
 |   |   |   |- Guid:6B30FE73412BB490C5D99DB3A3815FDF BaseClass:/Game/??????????/?????/1_??/???/Moving_floor_-Z.Moving_floor_-Z_C NativeClass:/Script/Engine.Actor Name:Moving_floor_-Z_C_UAID_9C6B00422491153902_1461362398 Label:Moving_floor_-Z SpatiallyLoaded:1 Bounds:IsValid=true, Min=(X=4775.000 Y=1595.000 Z=1237.500), Max=(X=5075.000 Y=1895.000 Z=1262.500) RuntimeGrid:None EditorOnly:0 RuntimeOnly:0 HLODRelevant:0 ListedInSceneOutliner:1 IsMainWorldOnly:0
 |   |   |- [+] [ 13]
 |   |   |   |- Guid:6BAF4DDD444C60371492D3919DB42C97 BaseClass: NativeClass:/Script/Engine.WorldDataLayers Name:WorldDataLayers Label:WorldDataLayers SpatiallyLoaded:0 Bounds:IsValid=true, Min=(X=0.000 Y=0.000 Z=0.000), Max=(X=0.000 Y=0.000 Z=0.000) RuntimeGrid:None EditorOnly:0 RuntimeOnly:0 HLODRelevant:0 ListedInSceneOutliner:1 IsMainWorldOnly:1
 |   |   |- [+] [ 14]
 |   |   |   |- Guid:840A8759404FCF1F8F2F409AB574E549 BaseClass: NativeClass:/Script/Engine.StaticMeshActor Name:StaticMeshActor_UAID_9C6B004224910C3902_1284099799 Label:SM_Cube3 SpatiallyLoaded:1 Bounds:IsValid=true, Min=(X=2690.000 Y=-90.000 Z=-50.000), Max=(X=5690.000 Y=3410.000 Z=0.000) RuntimeGrid:None EditorOnly:0 RuntimeOnly:0 HLODRelevant:1 ListedInSceneOutliner:1 IsMainWorldOnly:0 FolderPath:Playground FolderGuid:C73F09FC4215536B1DCE2A9E0A830C70
 |   |   |- [+] [ 15]
 |   |   |   |- Guid:90049F0B4690E5741837048FD71A9303 BaseClass:/Game/??????????/?????/1_??/???????/BP_NeedlesFloor.BP_NeedlesFloor_C NativeClass:/Script/Engine.Actor Name:BP_NeedlesFloor_C_UAID_9C6B00422491143902_2002113210 Label:BP_NeedlesFloor3 SpatiallyLoaded:1 Bounds:IsValid=true, Min=(X=2930.000 Y=-90.000 Z=-10.000), Max=(X=3050.000 Y=30.000 Z=30.000) RuntimeGrid:None EditorOnly:0 RuntimeOnly:0 HLODRelevant:0 ListedInSceneOutliner:1 IsMainWorldOnly:0
 |   |   |- [+] [ 16]
 |   |   |   |- Guid:A410220A480E818FF800F4981FA81176 BaseClass:/Game/??????????/?????/1_??/???????/BP_NeedlesFloor.BP_NeedlesFloor_C NativeClass:/Script/Engine.Actor Name:BP_NeedlesFloor_C_UAID_9C6B00422491143902_1988465209 Label:BP_NeedlesFloor2 SpatiallyLoaded:1 Bounds:IsValid=true, Min=(X=2810.000 Y=-90.000 Z=-10.000), Max=(X=2930.000 Y=30.000 Z=30.000) RuntimeGrid:None EditorOnly:0 RuntimeOnly:0 HLODRelevant:0 ListedInSceneOutliner:1 IsMainWorldOnly:0
 |   |   |- [+] [ 17]
 |   |   |   |- Guid:B5B7D5CC424E5FACB76015A40CF0F778 BaseClass:/Game/??????????/?????/1_??/???????/BP_NeedlesFloor.BP_NeedlesFloor_C NativeClass:/Script/Engine.Actor Name:BP_NeedlesFloor_C_UAID_9C6B00422491143902_2011942211 Label:BP_NeedlesFloor4 SpatiallyLoaded:1 Bounds:IsValid=true, Min=(X=3050.000 Y=-90.000 Z=-10.000), Max=(X=3170.000 Y=30.000 Z=30.000) RuntimeGrid:None EditorOnly:0 RuntimeOnly:0 HLODRelevant:0 ListedInSceneOutliner:1 IsMainWorldOnly:0
 |   |   |- [+] [ 18]
 |   |   |   |- Guid:B785ED2844B84CFB91E7F39FE661CD99 BaseClass: NativeClass:/Script/Engine.DirectionalLight Name:DirectionalLight_0 Label:DirectionalLight SpatiallyLoaded:0 Bounds:IsValid=true, Min=(X=-1048576.000 Y=-1048576.000 Z=-1048576.000), Max=(X=1048576.000 Y=1048576.000 Z=1048576.000) RuntimeGrid:None EditorOnly:0 RuntimeOnly:0 HLODRelevant:0 ListedInSceneOutliner:1 IsMainWorldOnly:0 FolderPath:Lighting FolderGuid:963EC3EB4002CCE9759E2EBA541A873A
 |   |   |- [+] [ 19]
 |   |   |   |- Guid:B93FA7CB4451BF09EC781F81CDC758ED BaseClass:/Game/??????????/?????/1_??/???/Moving_floor_X.Moving_floor_X_C NativeClass:/Script/Engine.Actor Name:Moving_floor_X_C_UAID_9C6B00422491153902_1400007393 Label:Moving_floor_X SpatiallyLoaded:1 Bounds:IsValid=true, Min=(X=2705.000 Y=220.000 Z=-12.500), Max=(X=3005.000 Y=520.000 Z=12.500) RuntimeGrid:None EditorOnly:0 RuntimeOnly:0 HLODRelevant:0 ListedInSceneOutliner:1 IsMainWorldOnly:0
 |   |   |- [+] [ 20]
 |   |   |   |- Guid:BC08B79C4EA3C961CFF75EBBE83B367D BaseClass: NativeClass:/Script/Engine.StaticMeshActor Name:StaticMeshActor_5 Label:SM_Cube2 SpatiallyLoaded:1 Bounds:IsValid=true, Min=(X=-340.000 Y=-190.000 Z=-50.000), Max=(X=2660.000 Y=-90.000 Z=350.000) RuntimeGrid:None EditorOnly:0 RuntimeOnly:0 HLODRelevant:1 ListedInSceneOutliner:1 IsMainWorldOnly:0 FolderPath:Playground FolderGuid:C73F09FC4215536B1DCE2A9E0A830C70
 |   |   |- [+] [ 21]
 |   |   |   |- Guid:C87FD467408CD8B12C53FC8566CCFC2D BaseClass:/Game/??????????/?????/1_??/???/Moving_floor_Y.Moving_floor_Y_C NativeClass:/Script/Engine.Actor Name:Moving_floor_Y_C_UAID_9C6B00422491153902_1423575395 Label:Moving_floor_Y SpatiallyLoaded:1 Bounds:IsValid=true, Min=(X=4025.000 Y=530.000 Z=-12.500), Max=(X=4325.000 Y=830.000 Z=12.500) RuntimeGrid:None EditorOnly:0 RuntimeOnly:0 HLODRelevant:0 ListedInSceneOutliner:1 IsMainWorldOnly:0
 |   |   |- [+] [ 22]
 |   |   |   |- Guid:CCFF262C46EEFFDF319E7F9539CE697E BaseClass: NativeClass:/Script/Engine.SkyAtmosphere Name:SkyAtmosphere_0 Label:SkyAtmosphere SpatiallyLoaded:0 Bounds:IsValid=true, Min=(X=0.000 Y=0.000 Z=1020.000), Max=(X=0.000 Y=0.000 Z=1020.000) RuntimeGrid:None EditorOnly:0 RuntimeOnly:0 HLODRelevant:0 ListedInSceneOutliner:1 IsMainWorldOnly:0 FolderPath:Lighting FolderGuid:963EC3EB4002CCE9759E2EBA541A873A
 |   |   |- [+] [ 23]
 |   |   |   |- Guid:D54A49F04EB4DF4B6E8CD9A2EBF1EAD9 BaseClass: NativeClass:/Script/Engine.StaticMeshActor Name:StaticMeshActor_UAID_9C6B00422491143902_2029488212 Label:SM_SkySphere2 SpatiallyLoaded:0 Bounds:IsValid=true, Min=(X=-1638400.000 Y=-1638275.000 Z=-1638400.000), Max=(X=1638400.000 Y=1638525.000 Z=1638400.000) RuntimeGrid:None EditorOnly:0 RuntimeOnly:0 HLODRelevant:1 ListedInSceneOutliner:1 IsMainWorldOnly:0 FolderPath:Lighting FolderGuid:963EC3EB4002CCE9759E2EBA541A873A
 |   |   |- [+] [ 24]
 |   |   |   |- Guid:EC4E0C944CE6AC6E784BC6BB2916EA13 BaseClass: NativeClass:/Script/Engine.StaticMeshActor Name:StaticMeshActor_UAID_A4AE111137DC5EFB00_1110535423 Label:SM_SkySphere SpatiallyLoaded:0 Bounds:IsValid=true, Min=(X=-1638400.000 Y=-1638400.000 Z=-1638400.000), Max=(X=1638400.000 Y=1638400.000 Z=1638400.000) RuntimeGrid:None EditorOnly:0 RuntimeOnly:0 HLODRelevant:1 ListedInSceneOutliner:1 IsMainWorldOnly:0 FolderPath:Lighting FolderGuid:963EC3EB4002CCE9759E2EBA541A873A
 |   |   |- [+] [ 25]
 |   |   |   |- Guid:F1924B8D48954B30891B2DB6A694F9CC BaseClass: NativeClass:/Script/Engine.StaticMeshActor Name:StaticMeshActor_1 Label:SM_Cube SpatiallyLoaded:1 Bounds:IsValid=true, Min=(X=-340.000 Y=-90.000 Z=-50.000), Max=(X=2660.000 Y=3410.000 Z=0.000) RuntimeGrid:None EditorOnly:0 RuntimeOnly:0 HLODRelevant:1 ListedInSceneOutliner:1 IsMainWorldOnly:0 FolderPath:Playground FolderGuid:C73F09FC4215536B1DCE2A9E0A830C70
 |   |   |- [+] [ 26]
 |   |   |   |- Guid:F5E3FEB3450C49844FD93DA8E083C8AD BaseClass: NativeClass:/Script/Engine.PostProcessVolume Name:PostProcessVolume_0 Label:PostProcessVolume SpatiallyLoaded:0 Bounds:IsValid=true, Min=(X=0.000 Y=0.000 Z=400.000), Max=(X=200.000 Y=200.000 Z=600.000) RuntimeGrid:None EditorOnly:0 RuntimeOnly:0 HLODRelevant:0 ListedInSceneOutliner:1 IsMainWorldOnly:0 FolderPath:Lighting FolderGuid:963EC3EB4002CCE9759E2EBA541A873A
 |- ContainerInstances:
 |- [+] MainContainer:
 |   |-        ID: 00000000000000000000000000000000
 |   |-  ParentID: 00000000000000000000000000000000
 |   |-    Bounds: IsValid=false, Min=(X=0.000 Y=0.000 Z=0.000), Max=(X=0.000 Y=0.000 Z=0.000)
 |   |- Transform: 0.000000,0.000000,0.000000|0.000000,0.000000,-0.000000|1.000000,1.000000,1.000000
 |   |- Container: /Game/ThirdPerson/Maps/ThirdPersonMap
----------------------------------------------------------------------------------------------------------------
ThirdPersonMap - Persistent Level
----------------------------------------------------------------------------------------------------------------
[+] Content of ThirdPersonMap Persistent Level
 |- Always loaded Actor Count: 34 
 |- Actor Path: /Game/ThirdPerson/Maps/ThirdPersonMap.ThirdPersonMap:PersistentLevel.AbstractNavData-Default
 |- Actor Package: /Game/ThirdPerson/Maps/ThirdPersonMap
 |- Actor Path: /Game/ThirdPerson/Maps/ThirdPersonMap.ThirdPersonMap:PersistentLevel.BP_Needle_C_UAID_9C6B00422491073902_1636928920
 |- Actor Package: /Game/__ExternalActors__/ThirdPerson/Maps/ThirdPersonMap/2/VO/JPBHGUHQ1VRE2GCWCMW3OU
 |- Actor Path: /Game/ThirdPerson/Maps/ThirdPersonMap.ThirdPersonMap:PersistentLevel.BP_NeedlesFloor_C_UAID_9C6B00422491143902_1970664208
 |- Actor Package: /Game/__ExternalActors__/ThirdPerson/Maps/ThirdPersonMap/3/FP/KKCKBV4FTDLXITHY8KRHQ1
 |- Actor Path: /Game/ThirdPerson/Maps/ThirdPersonMap.ThirdPersonMap:PersistentLevel.BP_NeedlesFloor_C_UAID_9C6B00422491143902_1988465209
 |- Actor Package: /Game/__ExternalActors__/ThirdPerson/Maps/ThirdPersonMap/8/C1/F19IXPX6L6MBEI2RQYRWQ4
 |- Actor Path: /Game/ThirdPerson/Maps/ThirdPersonMap.ThirdPersonMap:PersistentLevel.BP_NeedlesFloor_C_UAID_9C6B00422491143902_2002113210
 |- Actor Package: /Game/__ExternalActors__/ThirdPerson/Maps/ThirdPersonMap/0/0P/VQ6L3VQSWMZP55728KH7VD
 |- Actor Path: /Game/ThirdPerson/Maps/ThirdPersonMap.ThirdPersonMap:PersistentLevel.BP_NeedlesFloor_C_UAID_9C6B00422491143902_2011942211
 |- Actor Package: /Game/__ExternalActors__/ThirdPerson/Maps/ThirdPersonMap/8/UB/KMXF1YBA0W9NUNW61P6DBR
 |- Actor Path: /Game/ThirdPerson/Maps/ThirdPersonMap.ThirdPersonMap:PersistentLevel.BP_NeedlesFloor_C_UAID_9C6B00422491143902_2029490213
 |- Actor Package: /Game/__ExternalActors__/ThirdPerson/Maps/ThirdPersonMap/0/45/98XI92F2MA4M1SM09XR842
 |- Actor Path: /Game/ThirdPerson/Maps/ThirdPersonMap.ThirdPersonMap:PersistentLevel.BP_NeedlesFloor_C_UAID_9C6B00422491143902_2029493214
 |- Actor Package: /Game/__ExternalActors__/ThirdPerson/Maps/ThirdPersonMap/5/48/4WF4QSZ5NUEHJH8HX5F4TV
 |- Actor Path: /Game/ThirdPerson/Maps/ThirdPersonMap.ThirdPersonMap:PersistentLevel.BP_NeedlesFloor_C_UAID_9C6B00422491143902_2029495215
 |- Actor Package: /Game/__ExternalActors__/ThirdPerson/Maps/ThirdPersonMap/4/XN/5X146IA79OBJOKBXDNX2YN
 |- Actor Path: /Game/ThirdPerson/Maps/ThirdPersonMap.ThirdPersonMap:PersistentLevel.BP_NeedlesFloor_C_UAID_9C6B00422491143902_2029498216
 |- Actor Package: /Game/__ExternalActors__/ThirdPerson/Maps/ThirdPersonMap/9/XI/SQWCY96TH1IEZNRQQ63KZH
 |- Actor Path: /Game/ThirdPerson/Maps/ThirdPersonMap.ThirdPersonMap:PersistentLevel.Brush_0
 |- Actor Package: /Game/ThirdPerson/Maps/ThirdPersonMap
 |- Actor Path: /Game/ThirdPerson/Maps/ThirdPersonMap.ThirdPersonMap:PersistentLevel.DefaultPhysicsVolume_0
 |- Actor Package: /Game/ThirdPerson/Maps/ThirdPersonMap
 |- Actor Path: /Game/ThirdPerson/Maps/ThirdPersonMap.ThirdPersonMap:PersistentLevel.DirectionalLight_0
 |- Actor Package: /Game/__ExternalActors__/ThirdPerson/Maps/ThirdPersonMap/5/R1/TS5OQ5CRUWFZYL1ZQ7I416
 |- Actor Path: /Game/ThirdPerson/Maps/ThirdPersonMap.ThirdPersonMap:PersistentLevel.ExponentialHeightFog_0
 |- Actor Package: /Game/__ExternalActors__/ThirdPerson/Maps/ThirdPersonMap/6/J7/N10XDC9G27EMLS5AGZ6AVV
 |- Actor Path: /Game/ThirdPerson/Maps/ThirdPersonMap.ThirdPersonMap:PersistentLevel.GameplayDebuggerPlayerManager_0
 |- Actor Package: /Game/ThirdPerson/Maps/ThirdPersonMap
 |- Actor Path: /Game/ThirdPerson/Maps/ThirdPersonMap.ThirdPersonMap:PersistentLevel.Moving_floor_-X_C_UAID_9C6B00422491153902_1411533394
 |- Actor Package: /Game/__ExternalActors__/ThirdPerson/Maps/ThirdPersonMap/2/IH/3WL8BKETKKI4GQ6GPVDXZE
 |- Actor Path: /Game/ThirdPerson/Maps/ThirdPersonMap.ThirdPersonMap:PersistentLevel.Moving_floor_-Z_C_UAID_9C6B00422491153902_1461362398
 |- Actor Package: /Game/__ExternalActors__/ThirdPerson/Maps/ThirdPersonMap/C/M1/9M6MJOSP01O6KF3ASVXQJR
 |- Actor Path: /Game/ThirdPerson/Maps/ThirdPersonMap.ThirdPersonMap:PersistentLevel.Moving_floor_X_C_UAID_9C6B00422491153902_1400007393
 |- Actor Package: /Game/__ExternalActors__/ThirdPerson/Maps/ThirdPersonMap/A/YB/6KHUZ4AGRDXHRU0WAMSEM8
 |- Actor Path: /Game/ThirdPerson/Maps/ThirdPersonMap.ThirdPersonMap:PersistentLevel.Moving_floor_Y_C_UAID_9C6B00422491153902_1423575395
 |- Actor Package: /Game/__ExternalActors__/ThirdPerson/Maps/ThirdPersonMap/8/VM/3J5POBRQPW308VK9MGWPAK
 |- Actor Path: /Game/ThirdPerson/Maps/ThirdPersonMap.ThirdPersonMap:PersistentLevel.Moving_floor_Z_C_UAID_9C6B00422491153902_1457530397
 |- Actor Package: /Game/__ExternalActors__/ThirdPerson/Maps/ThirdPersonMap/D/05/JM8NVF0PY7KYJF0U3IQ8R6
 |- Actor Path: /Game/ThirdPerson/Maps/ThirdPersonMap.ThirdPersonMap:PersistentLevel.PlayerStart_0
 |- Actor Package: /Game/__ExternalActors__/ThirdPerson/Maps/ThirdPersonMap/D/DE/SWSI13675DVYIZ0N4NF7Y3
 |- Actor Path: /Game/ThirdPerson/Maps/ThirdPersonMap.ThirdPersonMap:PersistentLevel.PostProcessVolume_0
 |- Actor Package: /Game/__ExternalActors__/ThirdPerson/Maps/ThirdPersonMap/1/AZ/A7GPT109Y6ZTTJD4A7TXER
 |- Actor Path: /Game/ThirdPerson/Maps/ThirdPersonMap.ThirdPersonMap:PersistentLevel.SkyAtmosphere_0
 |- Actor Package: /Game/__ExternalActors__/ThirdPerson/Maps/ThirdPersonMap/4/LN/30UBDLYFFA5ZR7U4W4L4GG
 |- Actor Path: /Game/ThirdPerson/Maps/ThirdPersonMap.ThirdPersonMap:PersistentLevel.SkyLight_1
 |- Actor Package: /Game/__ExternalActors__/ThirdPerson/Maps/ThirdPersonMap/8/S1/DXUWD12MD3HRWVVXX076BY
 |- Actor Path: /Game/ThirdPerson/Maps/ThirdPersonMap.ThirdPersonMap:PersistentLevel.StaticMeshActor_1
 |- Actor Package: /Game/__ExternalActors__/ThirdPerson/Maps/ThirdPersonMap/6/YO/NG2R9BPZVA7ZDN0Z4VSTG6
 |- Actor Path: /Game/ThirdPerson/Maps/ThirdPersonMap.ThirdPersonMap:PersistentLevel.StaticMeshActor_5
 |- Actor Package: /Game/__ExternalActors__/ThirdPerson/Maps/ThirdPersonMap/C/QF/BY1DA5CRGQSAMOTK8RA8KR
 |- Actor Path: /Game/ThirdPerson/Maps/ThirdPersonMap.ThirdPersonMap:PersistentLevel.StaticMeshActor_UAID_9C6B004224910C3902_1284099799
 |- Actor Package: /Game/__ExternalActors__/ThirdPerson/Maps/ThirdPersonMap/2/3Q/16XZ5SAQOOW21XYKYBQKNI
 |- Actor Path: /Game/ThirdPerson/Maps/ThirdPersonMap.ThirdPersonMap:PersistentLevel.StaticMeshActor_UAID_9C6B00422491143902_2029488212
 |- Actor Package: /Game/__ExternalActors__/ThirdPerson/Maps/ThirdPersonMap/7/HU/JWTH6AYB12C7ZK0EWI21ET
 |- Actor Path: /Game/ThirdPerson/Maps/ThirdPersonMap.ThirdPersonMap:PersistentLevel.StaticMeshActor_UAID_A4AE111137DC5EFB00_1110535423
 |- Actor Package: /Game/__ExternalActors__/ThirdPerson/Maps/ThirdPersonMap/4/PN/2QISIGK5DJNQ05US8O8FXW
 |- Actor Path: /Game/ThirdPerson/Maps/ThirdPersonMap.ThirdPersonMap:PersistentLevel.ThirdPersonMap_C_4
 |- Actor Package: /Game/ThirdPerson/Maps/ThirdPersonMap
 |- Actor Path: /Game/ThirdPerson/Maps/ThirdPersonMap.ThirdPersonMap:PersistentLevel.VolumetricCloud_0
 |- Actor Package: /Game/__ExternalActors__/ThirdPerson/Maps/ThirdPersonMap/3/EY/87SHEJN5UBEAN2K5OV1G6R
 |- Actor Path: /Game/ThirdPerson/Maps/ThirdPersonMap.ThirdPersonMap:PersistentLevel.WorldDataLayers
 |- Actor Package: /Game/__ExternalActors__/ThirdPerson/Maps/ThirdPersonMap/0/43/HYQWORMY4JDQ5X3OKZXFLC
 |- Actor Path: /Game/ThirdPerson/Maps/ThirdPersonMap.ThirdPersonMap:PersistentLevel.WorldInfo_0
 |- Actor Package: /Game/ThirdPerson/Maps/ThirdPersonMap
 |- Actor Path: /Game/ThirdPerson/Maps/ThirdPersonMap.ThirdPersonMap:PersistentLevel.WorldPartitionMiniMap_0
 |- Actor Package: /Game/__ExternalActors__/ThirdPerson/Maps/ThirdPersonMap/E/FR/LBG6LPN5JCL3FMVSI2CK6R

----------------------------------------------------------------------------------------------------------------
ThirdPersonMap - Runtime Spatial Hash - Streaming Grid - MainGrid
----------------------------------------------------------------------------------------------------------------
            Origin: X=0.000 Y=0.000 Z=0.000
         Cell Size: 12800
      World Bounds: IsValid=false, Min=(X=0.000 Y=0.000 Z=0.000), Max=(X=0.000 Y=0.000 Z=0.000)
     Loading Range: 25600.00
Block Slow Loading: No
 ClientOnlyVisible: No
            Origin: X=0.000 Y=0.000 Z=0.000

[+] Grid Levels: 1
 |- Level  0: Cell Count    0 | Cell Size   12800 | Actor Count    0 (0.0%)

[+] Content of Grid Level 0

